<?xml version="1.0" encoding="UTF-8"?>
<!-- Generated by org.testng.reporters.JUnitReportReporter -->
<testsuite skipped="0" hostname="L1123.local" name="Runners.TestRunner" tests="1" failures="0" timestamp="2022-01-11T22:21:07 IST" time="37.720" errors="0">
  <testcase name="runScenario" time="37.720" classname="Runners.TestRunner"/>
  <system-out/>
</testsuite> <!-- Runners.TestRunner -->
